<?xml version="1.0" encoding="UTF-8"?>
<!-- Generated by org.testng.reporters.JUnitXMLReporter -->
<testsuite ignored="0" hostname="Ktex03" failures="0" tests="3" name="Default test" time="2.718" errors="0" timestamp="2022-06-23T20:32:53 EDT">
  <testcase classname="com.qa.practice.Postp" name="jsondataTest" time="1.525"/>
  <testcase classname="com.qa.practice.Postp" name="jsondataTest" time="0.309"/>
  <testcase classname="com.qa.practice.Postp" name="jsondataTest" time="0.288"/>
</testsuite> <!-- Default test -->
